app/manifest-merger-release-report.txt
-- Merging decision tree log ---
manifest
ADDED from src/main/AndroidManifest.xml:2:1-302:12
INJECTED from src/main/AndroidManifest.xml:2:1-302:12
INJECTED from src/main/AndroidManifest.xml:2:1-302:12
INJECTED from src/main/AndroidManifest.xml:2:1-302:12
MERGED from [androidx.constraintlayout:constraintlayout:1.1.3] AndroidManifest.xml:2:1-11:12
MERGED from [androidx.legacy:legacy-support-v4:1.0.0] AndroidManifest.xml:17:1-22:12
MERGED from [com.google.android.material:material:1.0.0] AndroidManifest.xml:17:1-24:12
MERGED from [androidx.appcompat:appcompat:1.0.0] AndroidManifest.xml:17:1-22:12
MERGED from [androidx.recyclerview:recyclerview:1.0.0] AndroidManifest.xml:17:1-22:12
MERGED from [com.google.firebase:firebase-firestore:22.0.0] AndroidManifest.xml:2:1-26:12
MERGED from [io.grpc:grpc-android:1.28.0] AndroidManifest.xml:2:1-13:12
MERGED from [androidx.cardview:cardview:1.0.0] AndroidManifest.xml:17:1-22:12
MERGED from [com.google.firebase:firebase-database:19.5.1] AndroidManifest.xml:15:1-38:12
MERGED from [com.google.firebase:firebase-storage:19.2.0] AndroidManifest.xml:15:1-39:12
MERGED from [com.google.firebase:firebase-messaging:21.0.0] AndroidManifest.xml:17:1-45:12
MERGED from [com.google.firebase:firebase-core:18.0.0] AndroidManifest.xml:2:1-9:12
MERGED from [com.msg91.sendotpandroid.library:library:0.7] AndroidManifest.xml:2:1-27:12
MERGED from [com.google.firebase:firebase-dynamic-links:19.1.1] AndroidManifest.xml:2:1-17:12
MERGED from [com.google.android.play:core:1.6.3] AndroidManifest.xml:2:1-12:12
MERGED from [com.google.firebase:firebase-analytics:18.0.0] AndroidManifest.xml:2:1-9:12
MERGED from [com.google.firebase:firebase-iid:21.0.0] AndroidManifest.xml:17:1-47:12
MERGED from [com.google.firebase:firebase-auth-interop:18.0.0] AndroidManifest.xml:2:1-10:12
MERGED from [com.google.firebase:firebase-datatransport:17.0.3] AndroidManifest.xml:15:1-34:12
MERGED from [com.google.android.gms:play-services-measurement-api:18.0.0] AndroidManifest.xml:17:1-36:12
MERGED from [com.google.firebase:firebase-installations:16.3.4] AndroidManifest.xml:2:1-24:12
MERGED from [com.google.firebase:firebase-common:19.4.0] AndroidManifest.xml:15:1-40:12
MERGED from [androidx.media:media:1.0.0] AndroidManifest.xml:17:1-22:12
MERGED from [com.google.firebase:firebase-database-collection:17.0.1] AndroidManifest.xml:2:1-9:12
MERGED from [com.google.firebase:firebase-iid-interop:17.0.0] AndroidManifest.xml:2:1-10:12
MERGED from [com.google.android.gms:play-services-base:17.0.0] AndroidManifest.xml:17:1-29:12
MERGED from [com.google.android.gms:play-services-cloud-messaging:16.0.0] AndroidManifest.xml:2:1-13:12
MERGED from [com.google.firebase:firebase-installations-interop:16.0.0] AndroidManifest.xml:15:1-23:12
MERGED from [com.google.android.gms:play-services-tasks:17.0.0] AndroidManifest.xml:2:1-9:12
MERGED from [com.google.android.gms:play-services-measurement:18.0.0] AndroidManifest.xml:17:1-46:12
MERGED from [com.google.android.gms:play-services-measurement-sdk:18.0.0] AndroidManifest.xml:17:1-25:12
MERGED from [com.google.android.gms:play-services-measurement-impl:18.0.0] AndroidManifest.xml:17:1-31:12
MERGED from [com.google.android.gms:play-services-stats:17.0.0] AndroidManifest.xml:2:1-9:12
MERGED from [com.google.firebase:firebase-measurement-connector:18.0.0] AndroidManifest.xml:17:1-25:12
MERGED from [com.google.android.gms:play-services-ads-identifier:17.0.0] AndroidManifest.xml:17:1-24:12
MERGED from [com.google.android.gms:play-services-measurement-sdk-api:18.0.0] AndroidManifest.xml:17:1-27:12
MERGED from [com.google.android.gms:play-services-measurement-base:18.0.0] AndroidManifest.xml:2:1-9:12
MERGED from [com.google.android.gms:play-services-basement:17.0.0] AndroidManifest.xml:17:1-28:12
MERGED from [androidx.fragment:fragment:1.0.0] AndroidManifest.xml:17:1-22:12
MERGED from [androidx.vectordrawable:vectordrawable-animated:1.0.0] AndroidManifest.xml:17:1-22:12
MERGED from [androidx.legacy:legacy-support-core-ui:1.0.0] AndroidManifest.xml:17:1-22:12
MERGED from [androidx.legacy:legacy-support-core-utils:1.0.0] AndroidManifest.xml:17:1-22:12
MERGED from [androidx.vectordrawable:vectordrawable:1.0.0] AndroidManifest.xml:17:1-22:12
MERGED from [androidx.transition:transition:1.0.0] AndroidManifest.xml:17:1-22:12
MERGED from [androidx.loader:loader:1.0.0] AndroidManifest.xml:17:1-22:12
MERGED from [androidx.viewpager:viewpager:1.0.0] AndroidManifest.xml:17:1-22:12
MERGED from [androidx.coordinatorlayout:coordinatorlayout:1.0.0] AndroidManifest.xml:17:1-22:12
MERGED from [androidx.drawerlayout:drawerlayout:1.0.0] AndroidManifest.xml:17:1-22:12
MERGED from [androidx.slidingpanelayout:slidingpanelayout:1.0.0] AndroidManifest.xml:17:1-22:12
MERGED from [androidx.customview:customview:1.0.0] AndroidManifest.xml:17:1-22:12
MERGED from [androidx.swiperefreshlayout:swiperefreshlayout:1.0.0] AndroidManifest.xml:17:1-22:12
MERGED from [androidx.asynclayoutinflater:asynclayoutinflater:1.0.0] AndroidManifest.xml:17:1-22:12
MERGED from [androidx.core:core:1.0.0] AndroidManifest.xml:17:1-24:12
MERGED from [androidx.versionedparcelable:versionedparcelable:1.0.0] AndroidManifest.xml:17:1-25:12
MERGED from [androidx.cursoradapter:cursoradapter:1.0.0] AndroidManifest.xml:17:1-22:12
MERGED from [com.google.android.datatransport:transport-backend-cct:2.2.0] AndroidManifest.xml:15:1-38:12
MERGED from [com.google.android.datatransport:transport-runtime:2.2.0] AndroidManifest.xml:15:1-41:12
MERGED from [com.google.firebase:firebase-encoders-json:16.0.0] AndroidManifest.xml:15:1-23:12
MERGED from [androidx.lifecycle:lifecycle-runtime:2.0.0] AndroidManifest.xml:17:1-22:12
MERGED from [androidx.documentfile:documentfile:1.0.0] AndroidManifest.xml:17:1-22:12
MERGED from [androidx.localbroadcastmanager:localbroadcastmanager:1.0.0] AndroidManifest.xml:17:1-22:12
MERGED from [androidx.print:print:1.0.0] AndroidManifest.xml:17:1-22:12
MERGED from [androidx.interpolator:interpolator:1.0.0] AndroidManifest.xml:17:1-22:12
MERGED from [androidx.lifecycle:lifecycle-viewmodel:2.0.0] AndroidManifest.xml:17:1-22:12
MERGED from [com.google.firebase:firebase-components:16.0.1] AndroidManifest.xml:15:1-23:12
MERGED from [androidx.lifecycle:lifecycle-livedata:2.0.0] AndroidManifest.xml:17:1-22:12
MERGED from [androidx.lifecycle:lifecycle-livedata-core:2.0.0] AndroidManifest.xml:17:1-22:12
MERGED from [androidx.arch.core:core-runtime:2.0.0] AndroidManifest.xml:17:1-22:12
MERGED from [com.google.firebase:protolite-well-known-types:17.1.0] AndroidManifest.xml:2:1-11:12
MERGED from [com.google.android.datatransport:transport-api:2.2.0] AndroidManifest.xml:15:1-22:12
INJECTED from src/main/AndroidManifest.xml:2:1-302:12
INJECTED from src/main/AndroidManifest.xml:2:1-302:12
INJECTED from src/main/AndroidManifest.xml:2:1-302:12
	package
		ADDED from src/main/AndroidManifest.xml:4:5-36
		INJECTED from src/main/AndroidManifest.xml
		INJECTED from src/main/AndroidManifest.xml
	android:versionName
		INJECTED from src/main/AndroidManifest.xml
		ADDED from src/main/AndroidManifest.xml:2:1-302:12
		INJECTED from src/main/AndroidManifest.xml
	xmlns:tools
		ADDED from src/main/AndroidManifest.xml:3:5-51
	android:versionCode
		INJECTED from src/main/AndroidManifest.xml
		ADDED from src/main/AndroidManifest.xml:2:1-302:12
		INJECTED from src/main/AndroidManifest.xml
	xmlns:android
		ADDED from src/main/AndroidManifest.xml:2:11-69
uses-permission#android.permission.READ_CONTACTS
ADDED from src/main/AndroidManifest.xml:9:5-72
	android:name
		ADDED from src/main/AndroidManifest.xml:9:22-69
uses-permission#android.permission.WRITE_EXTERNAL_STORAGE
ADDED from src/main/AndroidManifest.xml:11:5-81
	android:name
		ADDED from src/main/AndroidManifest.xml:11:22-78
uses-permission#android.permission.VIBRATE
ADDED from src/main/AndroidManifest.xml:12:5-66
	android:name
		ADDED from src/main/AndroidManifest.xml:12:22-63
uses-permission#android.permission.READ_PHONE_STATE
ADDED from src/main/AndroidManifest.xml:13:5-75
	android:name
		ADDED from src/main/AndroidManifest.xml:13:22-72
uses-permission#android.permission.INTERNET
ADDED from src/main/AndroidManifest.xml:14:5-67
MERGED from [com.google.firebase:firebase-firestore:22.0.0] AndroidManifest.xml:14:5-67
MERGED from [com.google.firebase:firebase-firestore:22.0.0] AndroidManifest.xml:14:5-67
MERGED from [com.google.firebase:firebase-database:19.5.1] AndroidManifest.xml:26:5-67
MERGED from [com.google.firebase:firebase-database:19.5.1] AndroidManifest.xml:26:5-67
MERGED from [com.google.firebase:firebase-storage:19.2.0] AndroidManifest.xml:27:5-67
MERGED from [com.google.firebase:firebase-storage:19.2.0] AndroidManifest.xml:27:5-67
MERGED from [com.msg91.sendotpandroid.library:library:0.7] AndroidManifest.xml:11:5-67
MERGED from [com.msg91.sendotpandroid.library:library:0.7] AndroidManifest.xml:11:5-67
MERGED from [com.google.firebase:firebase-iid:21.0.0] AndroidManifest.xml:23:5-67
MERGED from [com.google.firebase:firebase-iid:21.0.0] AndroidManifest.xml:23:5-67
MERGED from [com.google.android.gms:play-services-measurement-api:18.0.0] AndroidManifest.xml:22:5-67
MERGED from [com.google.android.gms:play-services-measurement-api:18.0.0] AndroidManifest.xml:22:5-67
MERGED from [com.google.firebase:firebase-installations:16.3.4] AndroidManifest.xml:11:5-67
MERGED from [com.google.firebase:firebase-installations:16.3.4] AndroidManifest.xml:11:5-67
MERGED from [com.google.android.gms:play-services-cloud-messaging:16.0.0] AndroidManifest.xml:8:5-67
MERGED from [com.google.android.gms:play-services-cloud-messaging:16.0.0] AndroidManifest.xml:8:5-67
MERGED from [com.google.android.gms:play-services-measurement:18.0.0] AndroidManifest.xml:23:5-67
MERGED from [com.google.android.gms:play-services-measurement:18.0.0] AndroidManifest.xml:23:5-67
MERGED from [com.google.android.gms:play-services-measurement-impl:18.0.0] AndroidManifest.xml:23:5-67
MERGED from [com.google.android.gms:play-services-measurement-impl:18.0.0] AndroidManifest.xml:23:5-67
MERGED from [com.google.android.gms:play-services-measurement-sdk-api:18.0.0] AndroidManifest.xml:23:5-67
MERGED from [com.google.android.gms:play-services-measurement-sdk-api:18.0.0] AndroidManifest.xml:23:5-67
MERGED from [com.google.android.datatransport:transport-backend-cct:2.2.0] AndroidManifest.xml:26:5-67
MERGED from [com.google.android.datatransport:transport-backend-cct:2.2.0] AndroidManifest.xml:26:5-67
	android:name
		ADDED from src/main/AndroidManifest.xml:14:22-64
application
ADDED from src/main/AndroidManifest.xml:16:5-300:19
MERGED from [androidx.constraintlayout:constraintlayout:1.1.3] AndroidManifest.xml:9:5-20
MERGED from [androidx.constraintlayout:constraintlayout:1.1.3] AndroidManifest.xml:9:5-20
MERGED from [com.google.android.material:material:1.0.0] AndroidManifest.xml:22:5-20
MERGED from [com.google.android.material:material:1.0.0] AndroidManifest.xml:22:5-20
MERGED from [com.google.firebase:firebase-firestore:22.0.0] AndroidManifest.xml:16:5-24:19
MERGED from [com.google.firebase:firebase-firestore:22.0.0] AndroidManifest.xml:16:5-24:19
MERGED from [com.google.firebase:firebase-database:19.5.1] AndroidManifest.xml:28:5-36:19
MERGED from [com.google.firebase:firebase-database:19.5.1] AndroidManifest.xml:28:5-36:19
MERGED from [com.google.firebase:firebase-storage:19.2.0] AndroidManifest.xml:29:5-37:19
MERGED from [com.google.firebase:firebase-storage:19.2.0] AndroidManifest.xml:29:5-37:19
MERGED from [com.google.firebase:firebase-messaging:21.0.0] AndroidManifest.xml:22:5-43:19
MERGED from [com.google.firebase:firebase-messaging:21.0.0] AndroidManifest.xml:22:5-43:19
MERGED from [com.google.firebase:firebase-core:18.0.0] AndroidManifest.xml:7:5-20
MERGED from [com.google.firebase:firebase-core:18.0.0] AndroidManifest.xml:7:5-20
MERGED from [com.msg91.sendotpandroid.library:library:0.7] AndroidManifest.xml:13:5-25:19
MERGED from [com.msg91.sendotpandroid.library:library:0.7] AndroidManifest.xml:13:5-25:19
MERGED from [com.google.firebase:firebase-dynamic-links:19.1.1] AndroidManifest.xml:7:5-15:19
MERGED from [com.google.firebase:firebase-dynamic-links:19.1.1] AndroidManifest.xml:7:5-15:19
MERGED from [com.google.android.play:core:1.6.3] AndroidManifest.xml:6:3-10:17
MERGED from [com.google.android.play:core:1.6.3] AndroidManifest.xml:6:3-10:17
MERGED from [com.google.firebase:firebase-analytics:18.0.0] AndroidManifest.xml:7:5-20
MERGED from [com.google.firebase:firebase-analytics:18.0.0] AndroidManifest.xml:7:5-20
MERGED from [com.google.firebase:firebase-iid:21.0.0] AndroidManifest.xml:28:5-45:19
MERGED from [com.google.firebase:firebase-iid:21.0.0] AndroidManifest.xml:28:5-45:19
MERGED from [com.google.firebase:firebase-auth-interop:18.0.0] AndroidManifest.xml:7:5-8:19
MERGED from [com.google.firebase:firebase-auth-interop:18.0.0] AndroidManifest.xml:7:5-8:19
MERGED from [com.google.firebase:firebase-datatransport:17.0.3] AndroidManifest.xml:24:5-32:19
MERGED from [com.google.firebase:firebase-datatransport:17.0.3] AndroidManifest.xml:24:5-32:19
MERGED from [com.google.android.gms:play-services-measurement-api:18.0.0] AndroidManifest.xml:26:5-34:19
MERGED from [com.google.android.gms:play-services-measurement-api:18.0.0] AndroidManifest.xml:26:5-34:19
MERGED from [com.google.firebase:firebase-installations:16.3.4] AndroidManifest.xml:14:5-22:19
MERGED from [com.google.firebase:firebase-installations:16.3.4] AndroidManifest.xml:14:5-22:19
MERGED from [com.google.firebase:firebase-common:19.4.0] AndroidManifest.xml:25:5-38:19
MERGED from [com.google.firebase:firebase-common:19.4.0] AndroidManifest.xml:25:5-38:19
MERGED from [com.google.firebase:firebase-iid-interop:17.0.0] AndroidManifest.xml:7:5-8:19
MERGED from [com.google.firebase:firebase-iid-interop:17.0.0] AndroidManifest.xml:7:5-8:19
MERGED from [com.google.android.gms:play-services-base:17.0.0] AndroidManifest.xml:22:5-27:19
MERGED from [com.google.android.gms:play-services-base:17.0.0] AndroidManifest.xml:22:5-27:19
MERGED from [com.google.android.gms:play-services-tasks:17.0.0] AndroidManifest.xml:7:5-20
MERGED from [com.google.android.gms:play-services-tasks:17.0.0] AndroidManifest.xml:7:5-20
MERGED from [com.google.android.gms:play-services-measurement:18.0.0] AndroidManifest.xml:28:5-44:19
MERGED from [com.google.android.gms:play-services-measurement:18.0.0] AndroidManifest.xml:28:5-44:19
MERGED from [com.google.android.gms:play-services-measurement-sdk:18.0.0] AndroidManifest.xml:22:5-23:19
MERGED from [com.google.android.gms:play-services-measurement-sdk:18.0.0] AndroidManifest.xml:22:5-23:19
MERGED from [com.google.android.gms:play-services-measurement-impl:18.0.0] AndroidManifest.xml:28:5-29:19
MERGED from [com.google.android.gms:play-services-measurement-impl:18.0.0] AndroidManifest.xml:28:5-29:19
MERGED from [com.google.android.gms:play-services-stats:17.0.0] AndroidManifest.xml:7:5-20
MERGED from [com.google.android.gms:play-services-stats:17.0.0] AndroidManifest.xml:7:5-20
MERGED from [com.google.firebase:firebase-measurement-connector:18.0.0] AndroidManifest.xml:22:5-23:19
MERGED from [com.google.firebase:firebase-measurement-connector:18.0.0] AndroidManifest.xml:22:5-23:19
MERGED from [com.google.android.gms:play-services-ads-identifier:17.0.0] AndroidManifest.xml:22:5-20
MERGED from [com.google.android.gms:play-services-ads-identifier:17.0.0] AndroidManifest.xml:22:5-20
MERGED from [com.google.android.gms:play-services-measurement-base:18.0.0] AndroidManifest.xml:7:5-20
MERGED from [com.google.android.gms:play-services-measurement-base:18.0.0] AndroidManifest.xml:7:5-20
MERGED from [com.google.android.gms:play-services-basement:17.0.0] AndroidManifest.xml:22:5-26:19
MERGED from [com.google.android.gms:play-services-basement:17.0.0] AndroidManifest.xml:22:5-26:19
MERGED from [androidx.core:core:1.0.0] AndroidManifest.xml:22:5-89
MERGED from [androidx.core:core:1.0.0] AndroidManifest.xml:22:5-89
MERGED from [androidx.versionedparcelable:versionedparcelable:1.0.0] AndroidManifest.xml:22:5-23:19
MERGED from [androidx.versionedparcelable:versionedparcelable:1.0.0] AndroidManifest.xml:22:5-23:19
MERGED from [com.google.android.datatransport:transport-backend-cct:2.2.0] AndroidManifest.xml:28:5-36:19
MERGED from [com.google.android.datatransport:transport-backend-cct:2.2.0] AndroidManifest.xml:28:5-36:19
MERGED from [com.google.android.datatransport:transport-runtime:2.2.0] AndroidManifest.xml:25:5-39:19
MERGED from [com.google.android.datatransport:transport-runtime:2.2.0] AndroidManifest.xml:25:5-39:19
	android:requestLegacyExternalStorage
		ADDED from src/main/AndroidManifest.xml:17:9-52
	android:appComponentFactory
		ADDED from [androidx.core:core:1.0.0] AndroidManifest.xml:22:18-86
	android:supportsRtl
		ADDED from src/main/AndroidManifest.xml:25:9-35
	android:label
		ADDED from src/main/AndroidManifest.xml:23:9-41
	android:hardwareAccelerated
		ADDED from src/main/AndroidManifest.xml:20:9-44
	android:roundIcon
		ADDED from src/main/AndroidManifest.xml:22:9-52
	android:largeHeap
		ADDED from src/main/AndroidManifest.xml:24:9-33
	android:icon
		ADDED from src/main/AndroidManifest.xml:21:9-47
	android:allowBackup
		ADDED from src/main/AndroidManifest.xml:19:9-35
	android:networkSecurityConfig
		ADDED from [com.msg91.sendotpandroid.library:library:0.7] AndroidManifest.xml:16:9-64
	android:theme
		ADDED from src/main/AndroidManifest.xml:26:9-40
	android:name
		ADDED from src/main/AndroidManifest.xml:18:9-50
meta-data#sendotp.key
ADDED from src/main/AndroidManifest.xml:29:9-31:51
	android:value
		ADDED from src/main/AndroidManifest.xml:31:13-48
	android:name
		ADDED from src/main/AndroidManifest.xml:30:13-39
meta-data#com.google.firebase.messaging.default_notification_icon
ADDED from src/main/AndroidManifest.xml:33:9-35:57
	android:resource
		ADDED from src/main/AndroidManifest.xml:35:13-54
	android:name
		ADDED from src/main/AndroidManifest.xml:34:13-83
meta-data#com.google.firebase.messaging.default_notification_color
ADDED from src/main/AndroidManifest.xml:38:9-40:53
	android:resource
		ADDED from src/main/AndroidManifest.xml:40:13-50
	android:name
		ADDED from src/main/AndroidManifest.xml:39:13-84
meta-data#com.google.firebase.messaging.default_notification_channel_id
ADDED from src/main/AndroidManifest.xml:41:9-43:71
	android:value
		ADDED from src/main/AndroidManifest.xml:43:13-68
	android:name
		ADDED from src/main/AndroidManifest.xml:42:13-89
service#com.being.droider.spa.fcm.SpaManFirebaseMessagingService
ADDED from src/main/AndroidManifest.xml:45:9-51:19
	android:exported
		ADDED from src/main/AndroidManifest.xml:47:13-37
	android:name
		ADDED from src/main/AndroidManifest.xml:46:13-63
intent-filter#action:name:com.google.firebase.MESSAGING_EVENT
ADDED from src/main/AndroidManifest.xml:48:13-50:29
action#com.google.firebase.MESSAGING_EVENT
ADDED from src/main/AndroidManifest.xml:49:17-78
	android:name
		ADDED from src/main/AndroidManifest.xml:49:25-75
activity#com.being.droider.spa.ui.LoginActivity
ADDED from src/main/AndroidManifest.xml:53:9-55:48
	android:label
		ADDED from src/main/AndroidManifest.xml:55:13-45
	android:name
		ADDED from src/main/AndroidManifest.xml:54:13-45
activity#com.being.droider.spa.ui.LandingActivity
ADDED from src/main/AndroidManifest.xml:56:9-56
	android:name
		ADDED from src/main/AndroidManifest.xml:56:19-53
activity#com.being.droider.spa.ui.AddCustomerActivity
ADDED from src/main/AndroidManifest.xml:57:9-60
	android:name
		ADDED from src/main/AndroidManifest.xml:57:19-57
activity#com.being.droider.spa.ui.CustomerProfileActivity
ADDED from src/main/AndroidManifest.xml:58:9-64
	android:name
		ADDED from src/main/AndroidManifest.xml:58:19-61
activity#com.being.droider.spa.ui.ScheduleAppointmentActivity
ADDED from src/main/AndroidManifest.xml:59:9-68
	android:name
		ADDED from src/main/AndroidManifest.xml:59:19-65
activity#com.being.droider.spa.ui.PickDateAndTimeActivity
ADDED from src/main/AndroidManifest.xml:60:9-63:59
	android:label
		ADDED from src/main/AndroidManifest.xml:62:13-45
	android:theme
		ADDED from src/main/AndroidManifest.xml:63:13-56
	android:name
		ADDED from src/main/AndroidManifest.xml:61:13-55
activity#com.being.droider.spa.ui.CustomerListActivity
ADDED from src/main/AndroidManifest.xml:64:9-67:59
	android:label
		ADDED from src/main/AndroidManifest.xml:66:13-45
	android:theme
		ADDED from src/main/AndroidManifest.xml:67:13-56
	android:name
		ADDED from src/main/AndroidManifest.xml:65:13-52
activity#com.being.droider.spa.ui.StaffListActivity
ADDED from src/main/AndroidManifest.xml:68:9-71:59
	android:label
		ADDED from src/main/AndroidManifest.xml:70:13-45
	android:theme
		ADDED from src/main/AndroidManifest.xml:71:13-56
	android:name
		ADDED from src/main/AndroidManifest.xml:69:13-49
activity#com.being.droider.spa.ui.RoomListActivity
ADDED from src/main/AndroidManifest.xml:72:9-75:59
	android:label
		ADDED from src/main/AndroidManifest.xml:74:13-45
	android:theme
		ADDED from src/main/AndroidManifest.xml:75:13-56
	android:name
		ADDED from src/main/AndroidManifest.xml:73:13-48
activity#com.being.droider.spa.ui.TherapyListActivity
ADDED from src/main/AndroidManifest.xml:76:9-79:59
	android:label
		ADDED from src/main/AndroidManifest.xml:78:13-45
	android:theme
		ADDED from src/main/AndroidManifest.xml:79:13-56
	android:name
		ADDED from src/main/AndroidManifest.xml:77:13-51
activity#com.being.droider.spa.ui.AddNewStaffActivity
ADDED from src/main/AndroidManifest.xml:80:9-83:59
	android:label
		ADDED from src/main/AndroidManifest.xml:82:13-45
	android:theme
		ADDED from src/main/AndroidManifest.xml:83:13-56
	android:name
		ADDED from src/main/AndroidManifest.xml:81:13-51
activity#com.being.droider.spa.ui.AddRoomActivity
ADDED from src/main/AndroidManifest.xml:84:9-87:59
	android:label
		ADDED from src/main/AndroidManifest.xml:86:13-45
	android:theme
		ADDED from src/main/AndroidManifest.xml:87:13-56
	android:name
		ADDED from src/main/AndroidManifest.xml:85:13-47
activity#com.being.droider.spa.ui.DiscountActivity
ADDED from src/main/AndroidManifest.xml:88:9-57
	android:name
		ADDED from src/main/AndroidManifest.xml:88:19-54
activity#com.being.droider.spa.ui.HomeActivity
ADDED from src/main/AndroidManifest.xml:89:9-53
	android:name
		ADDED from src/main/AndroidManifest.xml:89:19-50
activity#com.being.droider.spa.ui.CommentsActivity
ADDED from src/main/AndroidManifest.xml:90:9-57
	android:name
		ADDED from src/main/AndroidManifest.xml:90:19-54
activity#com.being.droider.spa.ui.AppointmentListActivity
ADDED from src/main/AndroidManifest.xml:91:9-94:59
	android:label
		ADDED from src/main/AndroidManifest.xml:93:13-45
	android:theme
		ADDED from src/main/AndroidManifest.xml:94:13-56
	android:name
		ADDED from src/main/AndroidManifest.xml:92:13-55
activity#com.being.droider.spa.ui.AppointmentConfirmationActivity
ADDED from src/main/AndroidManifest.xml:95:9-72
	android:name
		ADDED from src/main/AndroidManifest.xml:95:19-69
activity#com.being.droider.spa.ui.BillingPreviewActivity
ADDED from src/main/AndroidManifest.xml:96:9-63
	android:name
		ADDED from src/main/AndroidManifest.xml:96:19-60
activity#com.being.droider.spa.ui.PaymentConfirmationActivity
ADDED from src/main/AndroidManifest.xml:97:9-68
	android:name
		ADDED from src/main/AndroidManifest.xml:97:19-65
activity#com.being.droider.spa.ui.ListHistoryActivity
ADDED from src/main/AndroidManifest.xml:98:9-101:59
	android:label
		ADDED from src/main/AndroidManifest.xml:100:13-45
	android:theme
		ADDED from src/main/AndroidManifest.xml:101:13-56
	android:name
		ADDED from src/main/AndroidManifest.xml:99:13-51
activity#com.being.droider.spa.ui.TimesheetActivity
ADDED from src/main/AndroidManifest.xml:102:9-105:59
	android:label
		ADDED from src/main/AndroidManifest.xml:104:13-45
	android:theme
		ADDED from src/main/AndroidManifest.xml:105:13-56
	android:name
		ADDED from src/main/AndroidManifest.xml:103:13-49
activity#com.being.droider.spa.ui.DaySchedulerActivity
ADDED from src/main/AndroidManifest.xml:106:9-110:59
	android:label
		ADDED from src/main/AndroidManifest.xml:108:13-45
	android:launchMode
		ADDED from src/main/AndroidManifest.xml:109:13-43
	android:theme
		ADDED from src/main/AndroidManifest.xml:110:13-56
	android:name
		ADDED from src/main/AndroidManifest.xml:107:13-52
activity#com.being.droider.spa.ui.SplashActivity
ADDED from src/main/AndroidManifest.xml:111:9-117:20
	android:name
		ADDED from src/main/AndroidManifest.xml:111:19-52
intent-filter#action:name:android.intent.action.MAIN+category:name:android.intent.category.LAUNCHER
ADDED from src/main/AndroidManifest.xml:112:13-116:29
action#android.intent.action.MAIN
ADDED from src/main/AndroidManifest.xml:113:17-69
	android:name
		ADDED from src/main/AndroidManifest.xml:113:25-66
category#android.intent.category.LAUNCHER
ADDED from src/main/AndroidManifest.xml:115:17-77
	android:name
		ADDED from src/main/AndroidManifest.xml:115:27-74
activity#com.being.droider.spa.ui.AppointmentDetailsActivity
ADDED from src/main/AndroidManifest.xml:118:9-121:59
	android:label
		ADDED from src/main/AndroidManifest.xml:120:13-45
	android:theme
		ADDED from src/main/AndroidManifest.xml:121:13-56
	android:name
		ADDED from src/main/AndroidManifest.xml:119:13-58
activity#com.being.droider.spa.ui.StaffDetailsActivity
ADDED from src/main/AndroidManifest.xml:122:9-125:59
	android:label
		ADDED from src/main/AndroidManifest.xml:124:13-45
	android:theme
		ADDED from src/main/AndroidManifest.xml:125:13-56
	android:name
		ADDED from src/main/AndroidManifest.xml:123:13-52
activity#com.being.droider.spa.ui.CustomerDetailsActivity
ADDED from src/main/AndroidManifest.xml:126:9-129:59
	android:label
		ADDED from src/main/AndroidManifest.xml:128:13-45
	android:theme
		ADDED from src/main/AndroidManifest.xml:129:13-56
	android:name
		ADDED from src/main/AndroidManifest.xml:127:13-55
activity#com.being.droider.spa.ui.RoomDetailsActivity
ADDED from src/main/AndroidManifest.xml:130:9-133:59
	android:label
		ADDED from src/main/AndroidManifest.xml:132:13-45
	android:theme
		ADDED from src/main/AndroidManifest.xml:133:13-56
	android:name
		ADDED from src/main/AndroidManifest.xml:131:13-51
receiver#com.being.droider.spa.adapter.NotificationPublisher
ADDED from src/main/AndroidManifest.xml:135:9-139:20
	android:name
		ADDED from src/main/AndroidManifest.xml:135:19-64
intent-filter#action:name:com.being.droider.spa.NOTIFY
ADDED from src/main/AndroidManifest.xml:136:13-138:29
action#com.being.droider.spa.NOTIFY
ADDED from src/main/AndroidManifest.xml:137:17-71
	android:name
		ADDED from src/main/AndroidManifest.xml:137:25-68
activity#com.being.droider.spa.ui.TabbedHomeActivity
ADDED from src/main/AndroidManifest.xml:141:9-146:59
	android:clearTaskOnLaunch
		ADDED from src/main/AndroidManifest.xml:143:13-45
	android:label
		ADDED from src/main/AndroidManifest.xml:144:13-45
	android:launchMode
		ADDED from src/main/AndroidManifest.xml:145:13-48
	android:theme
		ADDED from src/main/AndroidManifest.xml:146:13-56
	android:name
		ADDED from src/main/AndroidManifest.xml:142:13-50
activity#com.being.droider.spa.ui.HistoricalDataActivity
ADDED from src/main/AndroidManifest.xml:147:9-150:59
	android:label
		ADDED from src/main/AndroidManifest.xml:149:13-45
	android:theme
		ADDED from src/main/AndroidManifest.xml:150:13-56
	android:name
		ADDED from src/main/AndroidManifest.xml:148:13-54
activity#com.being.droider.spa.ui.RegistrationActivity
ADDED from src/main/AndroidManifest.xml:151:9-154:59
	android:label
		ADDED from src/main/AndroidManifest.xml:153:13-45
	android:theme
		ADDED from src/main/AndroidManifest.xml:154:13-56
	android:name
		ADDED from src/main/AndroidManifest.xml:152:13-52
activity#com.being.droider.spa.ui.ExternalLinksActivity
ADDED from src/main/AndroidManifest.xml:155:9-158:59
	android:label
		ADDED from src/main/AndroidManifest.xml:157:13-45
	android:theme
		ADDED from src/main/AndroidManifest.xml:158:13-56
	android:name
		ADDED from src/main/AndroidManifest.xml:156:13-53
activity#com.being.droider.spa.ui.AddNewPackageActivity
ADDED from src/main/AndroidManifest.xml:159:9-162:59
	android:label
		ADDED from src/main/AndroidManifest.xml:161:13-45
	android:theme
		ADDED from src/main/AndroidManifest.xml:162:13-56
	android:name
		ADDED from src/main/AndroidManifest.xml:160:13-53
activity#com.being.droider.spa.ui.PackageTherapyListActivity
ADDED from src/main/AndroidManifest.xml:163:9-166:59
	android:label
		ADDED from src/main/AndroidManifest.xml:165:13-45
	android:theme
		ADDED from src/main/AndroidManifest.xml:166:13-56
	android:name
		ADDED from src/main/AndroidManifest.xml:164:13-58
activity#com.being.droider.spa.ui.PackageListActivity
ADDED from src/main/AndroidManifest.xml:167:9-170:59
	android:label
		ADDED from src/main/AndroidManifest.xml:169:13-45
	android:theme
		ADDED from src/main/AndroidManifest.xml:170:13-56
	android:name
		ADDED from src/main/AndroidManifest.xml:168:13-51
activity#com.being.droider.spa.ui.SubscriptionListActivity
ADDED from src/main/AndroidManifest.xml:171:9-174:59
	android:label
		ADDED from src/main/AndroidManifest.xml:173:13-45
	android:theme
		ADDED from src/main/AndroidManifest.xml:174:13-56
	android:name
		ADDED from src/main/AndroidManifest.xml:172:13-56
activity#com.being.droider.spa.ui.PackageLandingActivity
ADDED from src/main/AndroidManifest.xml:175:9-178:59
	android:label
		ADDED from src/main/AndroidManifest.xml:177:13-45
	android:theme
		ADDED from src/main/AndroidManifest.xml:178:13-56
	android:name
		ADDED from src/main/AndroidManifest.xml:176:13-54
activity#com.being.droider.spa.ui.AddNewSubscriptionActivity
ADDED from src/main/AndroidManifest.xml:185:9-67
	android:name
		ADDED from src/main/AndroidManifest.xml:185:19-64
activity#com.being.droider.spa.ui.SubscriptionPaymentPreviewActivity
ADDED from src/main/AndroidManifest.xml:186:9-75
	android:name
		ADDED from src/main/AndroidManifest.xml:186:19-72
activity#com.being.droider.spa.ui.SubscriptionDetailsActivity
ADDED from src/main/AndroidManifest.xml:187:9-190:59